  main.c
D:\2 Programming\bubble-shooter\headers\music.h(14,11): warning C4133: '함수': 'wchar_t [100]'과(와) 'LPSTR' 사이의 형식이 호환되지 않습니다.
  (소스 파일 'main.c'을(를) 컴파일하는 중)
  
D:\2 Programming\bubble-shooter\headers\music.h(15,16): warning C4133: '함수': 'wchar_t [100]'과(와) 'LPCSTR' 사이의 형식이 호환되지 않습니다.
  (소스 파일 'main.c'을(를) 컴파일하는 중)
  
D:\2 Programming\bubble-shooter\headers\init.h(18,2): warning C4013: 'sprintf'이(가) 정의되지 않았습니다. extern은 int형을 반환하는 것으로 간주합니다.
  (소스 파일 'main.c'을(를) 컴파일하는 중)
  
D:\2 Programming\bubble-shooter\headers\GameScreen.h(350,36): warning C4244: '=': 'double'에서 'int'(으)로 변환하면서 데이터가 손실될 수 있습니다.
  (소스 파일 'main.c'을(를) 컴파일하는 중)
  
D:\2 Programming\bubble-shooter\headers\GameScreen.h(351,36): warning C4244: '=': 'double'에서 'int'(으)로 변환하면서 데이터가 손실될 수 있습니다.
  (소스 파일 'main.c'을(를) 컴파일하는 중)
  
D:\2 Programming\bubble-shooter\headers\GameScreen.h(360,36): warning C4244: '=': 'double'에서 'int'(으)로 변환하면서 데이터가 손실될 수 있습니다.
  (소스 파일 'main.c'을(를) 컴파일하는 중)
  
D:\2 Programming\bubble-shooter\headers\GameScreen.h(361,36): warning C4244: '=': 'double'에서 'int'(으)로 변환하면서 데이터가 손실될 수 있습니다.
  (소스 파일 'main.c'을(를) 컴파일하는 중)
  
D:\2 Programming\bubble-shooter\headers\GameScreen.h(384,36): warning C4244: '=': 'double'에서 'int'(으)로 변환하면서 데이터가 손실될 수 있습니다.
  (소스 파일 'main.c'을(를) 컴파일하는 중)
  
D:\2 Programming\bubble-shooter\headers\GameScreen.h(385,36): warning C4244: '=': 'double'에서 'int'(으)로 변환하면서 데이터가 손실될 수 있습니다.
  (소스 파일 'main.c'을(를) 컴파일하는 중)
  
D:\2 Programming\bubble-shooter\headers\GameScreen.h(400,23): warning C4047: '함수': 'int *'의 간접 참조 수준이 'int (*)[9]'과(와) 다릅니다.
  (소스 파일 'main.c'을(를) 컴파일하는 중)
  
D:\2 Programming\bubble-shooter\headers\GameScreen.h(400,23): warning C4024: 'SaveMap': 형식 및 실제 매개 변수 2의 형식이 서로 다릅니다.
  (소스 파일 'main.c'을(를) 컴파일하는 중)
  
D:\2 Programming\bubble-shooter\headers\GameScreen.h(416,36): warning C4244: '=': 'double'에서 'int'(으)로 변환하면서 데이터가 손실될 수 있습니다.
  (소스 파일 'main.c'을(를) 컴파일하는 중)
  
D:\2 Programming\bubble-shooter\headers\GameScreen.h(417,36): warning C4244: '=': 'double'에서 'int'(으)로 변환하면서 데이터가 손실될 수 있습니다.
  (소스 파일 'main.c'을(를) 컴파일하는 중)
  
D:\2 Programming\bubble-shooter\headers\GameScreen.h(426,36): warning C4244: '=': 'double'에서 'int'(으)로 변환하면서 데이터가 손실될 수 있습니다.
  (소스 파일 'main.c'을(를) 컴파일하는 중)
  
D:\2 Programming\bubble-shooter\headers\GameScreen.h(427,36): warning C4244: '=': 'double'에서 'int'(으)로 변환하면서 데이터가 손실될 수 있습니다.
  (소스 파일 'main.c'을(를) 컴파일하는 중)
  
D:\2 Programming\bubble-shooter\headers\GameScreen.h(450,36): warning C4244: '=': 'double'에서 'int'(으)로 변환하면서 데이터가 손실될 수 있습니다.
  (소스 파일 'main.c'을(를) 컴파일하는 중)
  
D:\2 Programming\bubble-shooter\headers\GameScreen.h(451,36): warning C4244: '=': 'double'에서 'int'(으)로 변환하면서 데이터가 손실될 수 있습니다.
  (소스 파일 'main.c'을(를) 컴파일하는 중)
  
D:\2 Programming\bubble-shooter\headers\GameScreen.h(466,23): warning C4047: '함수': 'int *'의 간접 참조 수준이 'int (*)[9]'과(와) 다릅니다.
  (소스 파일 'main.c'을(를) 컴파일하는 중)
  
D:\2 Programming\bubble-shooter\headers\GameScreen.h(466,23): warning C4024: 'SaveMap': 형식 및 실제 매개 변수 2의 형식이 서로 다릅니다.
  (소스 파일 'main.c'을(를) 컴파일하는 중)
  
D:\2 Programming\bubble-shooter\headers\GameScreen.h(481,35): warning C4244: '=': 'double'에서 'int'(으)로 변환하면서 데이터가 손실될 수 있습니다.
  (소스 파일 'main.c'을(를) 컴파일하는 중)
  
D:\2 Programming\bubble-shooter\headers\GameScreen.h(482,35): warning C4244: '=': 'double'에서 'int'(으)로 변환하면서 데이터가 손실될 수 있습니다.
  (소스 파일 'main.c'을(를) 컴파일하는 중)
  
D:\2 Programming\bubble-shooter\headers\GameScreen.h(487,23): warning C4047: '함수': 'int *'의 간접 참조 수준이 'int (*)[9]'과(와) 다릅니다.
  (소스 파일 'main.c'을(를) 컴파일하는 중)
  
D:\2 Programming\bubble-shooter\headers\GameScreen.h(487,23): warning C4024: 'SaveMap': 형식 및 실제 매개 변수 2의 형식이 서로 다릅니다.
  (소스 파일 'main.c'을(를) 컴파일하는 중)
  
D:\2 Programming\bubble-shooter\headers\GameScreen.h(506,36): warning C4244: '=': 'double'에서 'int'(으)로 변환하면서 데이터가 손실될 수 있습니다.
  (소스 파일 'main.c'을(를) 컴파일하는 중)
  
D:\2 Programming\bubble-shooter\headers\GameScreen.h(507,36): warning C4244: '=': 'double'에서 'int'(으)로 변환하면서 데이터가 손실될 수 있습니다.
  (소스 파일 'main.c'을(를) 컴파일하는 중)
  
D:\2 Programming\bubble-shooter\headers\GameScreen.h(516,36): warning C4244: '=': 'double'에서 'int'(으)로 변환하면서 데이터가 손실될 수 있습니다.
  (소스 파일 'main.c'을(를) 컴파일하는 중)
  
D:\2 Programming\bubble-shooter\headers\GameScreen.h(517,36): warning C4244: '=': 'double'에서 'int'(으)로 변환하면서 데이터가 손실될 수 있습니다.
  (소스 파일 'main.c'을(를) 컴파일하는 중)
  
D:\2 Programming\bubble-shooter\headers\GameScreen.h(540,36): warning C4244: '=': 'double'에서 'int'(으)로 변환하면서 데이터가 손실될 수 있습니다.
  (소스 파일 'main.c'을(를) 컴파일하는 중)
  
D:\2 Programming\bubble-shooter\headers\GameScreen.h(541,36): warning C4244: '=': 'double'에서 'int'(으)로 변환하면서 데이터가 손실될 수 있습니다.
  (소스 파일 'main.c'을(를) 컴파일하는 중)
  
D:\2 Programming\bubble-shooter\headers\GameScreen.h(556,23): warning C4047: '함수': 'int *'의 간접 참조 수준이 'int (*)[9]'과(와) 다릅니다.
  (소스 파일 'main.c'을(를) 컴파일하는 중)
  
D:\2 Programming\bubble-shooter\headers\GameScreen.h(556,23): warning C4024: 'SaveMap': 형식 및 실제 매개 변수 2의 형식이 서로 다릅니다.
  (소스 파일 'main.c'을(를) 컴파일하는 중)
  
D:\2 Programming\bubble-shooter\headers\GameScreen.h(572,36): warning C4244: '=': 'double'에서 'int'(으)로 변환하면서 데이터가 손실될 수 있습니다.
  (소스 파일 'main.c'을(를) 컴파일하는 중)
  
D:\2 Programming\bubble-shooter\headers\GameScreen.h(573,36): warning C4244: '=': 'double'에서 'int'(으)로 변환하면서 데이터가 손실될 수 있습니다.
  (소스 파일 'main.c'을(를) 컴파일하는 중)
  
D:\2 Programming\bubble-shooter\headers\GameScreen.h(582,36): warning C4244: '=': 'double'에서 'int'(으)로 변환하면서 데이터가 손실될 수 있습니다.
  (소스 파일 'main.c'을(를) 컴파일하는 중)
  
D:\2 Programming\bubble-shooter\headers\GameScreen.h(583,36): warning C4244: '=': 'double'에서 'int'(으)로 변환하면서 데이터가 손실될 수 있습니다.
  (소스 파일 'main.c'을(를) 컴파일하는 중)
  
D:\2 Programming\bubble-shooter\headers\GameScreen.h(605,36): warning C4244: '=': 'double'에서 'int'(으)로 변환하면서 데이터가 손실될 수 있습니다.
  (소스 파일 'main.c'을(를) 컴파일하는 중)
  
D:\2 Programming\bubble-shooter\headers\GameScreen.h(606,36): warning C4244: '=': 'double'에서 'int'(으)로 변환하면서 데이터가 손실될 수 있습니다.
  (소스 파일 'main.c'을(를) 컴파일하는 중)
  
D:\2 Programming\bubble-shooter\headers\GameScreen.h(621,23): warning C4047: '함수': 'int *'의 간접 참조 수준이 'int (*)[9]'과(와) 다릅니다.
  (소스 파일 'main.c'을(를) 컴파일하는 중)
  
D:\2 Programming\bubble-shooter\headers\GameScreen.h(621,23): warning C4024: 'SaveMap': 형식 및 실제 매개 변수 2의 형식이 서로 다릅니다.
  (소스 파일 'main.c'을(를) 컴파일하는 중)
  
D:\2 Programming\bubble-shooter\main.c(101,24): warning C4047: '함수': 'DWORD'의 간접 참조 수준이 'void *'과(와) 다릅니다.
D:\2 Programming\bubble-shooter\main.c(101,24): warning C4024: 'PlaySoundA': 형식 및 실제 매개 변수 3의 형식이 서로 다릅니다.
D:\2 Programming\bubble-shooter\main.c(134,8): warning C4013: 'time'이(가) 정의되지 않았습니다. extern은 int형을 반환하는 것으로 간주합니다.
D:\2 Programming\bubble-shooter\main.c(140,30): warning C4047: '함수': 'char'의 간접 참조 수준이 'void *'과(와) 다릅니다.
D:\2 Programming\bubble-shooter\main.c(140,30): warning C4024: 'SetAngle': 형식 및 실제 매개 변수 2의 형식이 서로 다릅니다.
D:\2 Programming\bubble-shooter\main.c(144,47): warning C4047: '함수': 'int'의 간접 참조 수준이 'void *'과(와) 다릅니다.
D:\2 Programming\bubble-shooter\main.c(144,47): warning C4024: 'GameLayoutImage': 형식 및 실제 매개 변수 3의 형식이 서로 다릅니다.
D:\2 Programming\bubble-shooter\main.c(155,38): warning C4047: '함수': 'int'의 간접 참조 수준이 'void *'과(와) 다릅니다.
D:\2 Programming\bubble-shooter\main.c(155,38): warning C4024: 'MakeNewLine': 형식 및 실제 매개 변수 4의 형식이 서로 다릅니다.
D:\2 Programming\bubble-shooter\main.c(185,26): warning C4047: '함수': 'int *'의 간접 참조 수준이 'int [18][9]'과(와) 다릅니다.
D:\2 Programming\bubble-shooter\main.c(185,26): warning C4024: 'Pause': 형식 및 실제 매개 변수 2의 형식이 서로 다릅니다.
D:\2 Programming\bubble-shooter\main.c(195,26): warning C4047: '함수': 'int *'의 간접 참조 수준이 'int [18][9]'과(와) 다릅니다.
D:\2 Programming\bubble-shooter\main.c(195,26): warning C4024: 'Pause': 형식 및 실제 매개 변수 2의 형식이 서로 다릅니다.
D:\2 Programming\bubble-shooter\main.c(203,27): warning C4047: '함수': 'DWORD'의 간접 참조 수준이 'void *'과(와) 다릅니다.
D:\2 Programming\bubble-shooter\main.c(203,27): warning C4024: 'PlaySoundA': 형식 및 실제 매개 변수 3의 형식이 서로 다릅니다.
D:\2 Programming\bubble-shooter\main.c(238,33): warning C4047: '함수': 'char'의 간접 참조 수준이 'void *'과(와) 다릅니다.
D:\2 Programming\bubble-shooter\main.c(238,33): warning C4024: 'SetAngle': 형식 및 실제 매개 변수 2의 형식이 서로 다릅니다.
D:\2 Programming\bubble-shooter\headers\GameScreen.h(92,1): warning C4716: 'SaveMap': 값을 반환해야 합니다.
D:\2 Programming\bubble-shooter\headers\GameScreen.h(721,1): warning C4715: 'SetLevel': 모든 제어 경로에서 값을 반환하지는 않습니다.
  BubbleShooter.vcxproj -> D:\2 Programming\bubble-shooter\x64\Debug\BubbleShooter.exe
